<?xml version="1.0" encoding="UTF-8" ?>
<testsuite tests="69" failures="0" name="net.mooctest.MonteCarloforTest" time="0.204" errors="0" skipped="0">
  <properties>
    <property name="jansi.mode" value="force"/>
    <property name="java.runtime.name" value="OpenJDK Runtime Environment"/>
    <property name="java.vm.version" value="17.0.16+8-Ubuntu-0ubuntu124.04.1"/>
    <property name="sun.boot.library.path" value="/usr/lib/jvm/java-17-openjdk-amd64/lib"/>
    <property name="maven.multiModuleProjectDirectory" value="/home/engine/project/MonteCarlofor2048_1732926125305"/>
    <property name="java.vm.vendor" value="Ubuntu"/>
    <property name="java.vendor.url" value="https://ubuntu.com/"/>
    <property name="guice.disable.misplaced.annotation.check" value="true"/>
    <property name="path.separator" value=":"/>
    <property name="java.vm.name" value="OpenJDK 64-Bit Server VM"/>
    <property name="sun.java.launcher" value="SUN_STANDARD"/>
    <property name="java.vm.specification.name" value="Java Virtual Machine Specification"/>
    <property name="user.dir" value="/home/engine/project/MonteCarlofor2048_1732926125305"/>
    <property name="java.vm.compressedOopsMode" value="32-bit"/>
    <property name="java.runtime.version" value="17.0.16+8-Ubuntu-0ubuntu124.04.1"/>
    <property name="os.arch" value="amd64"/>
    <property name="java.io.tmpdir" value="/tmp"/>
    <property name="line.separator" value="
"/>
    <property name="java.vm.specification.vendor" value="Oracle Corporation"/>
    <property name="os.name" value="Linux"/>
    <property name="classworlds.conf" value="/usr/share/maven/bin/m2.conf"/>
    <property name="sun.jnu.encoding" value="UTF-8"/>
    <property name="java.library.path" value="/usr/java/packages/lib:/usr/lib/x86_64-linux-gnu/jni:/lib/x86_64-linux-gnu:/usr/lib/x86_64-linux-gnu:/usr/lib/jni:/lib:/usr/lib"/>
    <property name="maven.conf" value="/usr/share/maven/conf"/>
    <property name="jdk.debug" value="release"/>
    <property name="java.class.version" value="61.0"/>
    <property name="java.specification.name" value="Java Platform API Specification"/>
    <property name="sun.management.compiler" value="HotSpot 64-Bit Tiered Compilers"/>
    <property name="os.version" value="5.10.223"/>
    <property name="library.jansi.path" value="/usr/share/maven/lib/jansi-native"/>
    <property name="user.home" value="/home/engine"/>
    <property name="user.timezone" value="Etc/UTC"/>
    <property name="file.encoding" value="UTF-8"/>
    <property name="java.specification.version" value="17"/>
    <property name="user.name" value="engine"/>
    <property name="java.class.path" value="/usr/share/maven/boot/plexus-classworlds-2.x.jar"/>
    <property name="java.vm.specification.version" value="17"/>
    <property name="sun.arch.data.model" value="64"/>
    <property name="sun.java.command" value="org.codehaus.plexus.classworlds.launcher.Launcher test"/>
    <property name="java.home" value="/usr/lib/jvm/java-17-openjdk-amd64"/>
    <property name="user.language" value="en"/>
    <property name="java.specification.vendor" value="Oracle Corporation"/>
    <property name="java.vm.info" value="mixed mode, sharing"/>
    <property name="java.version" value="17.0.16"/>
    <property name="native.encoding" value="UTF-8"/>
    <property name="java.vendor" value="Ubuntu"/>
    <property name="sun.stderr.encoding" value="UTF-8"/>
    <property name="java.specification.maintenance.version" value="1"/>
    <property name="maven.home" value="/usr/share/maven"/>
    <property name="file.separator" value="/"/>
    <property name="java.version.date" value="2025-07-15"/>
    <property name="java.vendor.url.bug" value="https://bugs.launchpad.net/ubuntu/+source/openjdk-17"/>
    <property name="sun.io.unicode.encoding" value="UnicodeLittle"/>
    <property name="sun.cpu.endian" value="little"/>
    <property name="sun.stdout.encoding" value="UTF-8"/>
  </properties>
  <testcase classname="net.mooctest.MonteCarloforTest" name="testBestMeasure" time="0.066"/>
  <testcase classname="net.mooctest.MonteCarloforTest" name="testGreedyStrategy" time="0.002"/>
  <testcase classname="net.mooctest.MonteCarloforTest" name="testRandomStrategyInvalidConstructor" time="0.002"/>
  <testcase classname="net.mooctest.MonteCarloforTest" name="testHashCodeAndEquals" time="0.008"/>
  <testcase classname="net.mooctest.MonteCarloforTest" name="testChoiceNodeExpandAndSelect" time="0.001"/>
  <testcase classname="net.mooctest.MonteCarloforTest" name="testEnsambleMeasure" time="0.005"/>
  <testcase classname="net.mooctest.MonteCarloforTest" name="testNoSpawnWhenUnchanged" time="0.006"/>
  <testcase classname="net.mooctest.MonteCarloforTest" name="testKernelWithId" time="0.004"/>
  <testcase classname="net.mooctest.MonteCarloforTest" name="testGreedyStrategyPlay" time="0.006"/>
  <testcase classname="net.mooctest.MonteCarloforTest" name="testUnsafeMove" time="0.001"/>
  <testcase classname="net.mooctest.MonteCarloforTest" name="testChoiceNodeSelectTieBreak" time="0"/>
  <testcase classname="net.mooctest.MonteCarloforTest" name="testEmptyBoardMoves" time="0.009"/>
  <testcase classname="net.mooctest.MonteCarloforTest" name="testSpawnNodeExpandAndSelect" time="0"/>
  <testcase classname="net.mooctest.MonteCarloforTest" name="testFrees" time="0"/>
  <testcase classname="net.mooctest.MonteCarloforTest" name="testMerge" time="0"/>
  <testcase classname="net.mooctest.MonteCarloforTest" name="testPrint" time="0"/>
  <testcase classname="net.mooctest.MonteCarloforTest" name="testSpawn" time="0"/>
  <testcase classname="net.mooctest.MonteCarloforTest" name="testTrans" time="0"/>
  <testcase classname="net.mooctest.MonteCarloforTest" name="testExitNodeExpandIncrementsValues" time="0"/>
  <testcase classname="net.mooctest.MonteCarloforTest" name="testCopy" time="0.004"/>
  <testcase classname="net.mooctest.MonteCarloforTest" name="testMove" time="0"/>
  <testcase classname="net.mooctest.MonteCarloforTest" name="testToString" time="0.001"/>
  <testcase classname="net.mooctest.MonteCarloforTest" name="testFreesMeasure" time="0"/>
  <testcase classname="net.mooctest.MonteCarloforTest" name="testUCTStrategyPlayReturnsBoard" time="0"/>
  <testcase classname="net.mooctest.MonteCarloforTest" name="testConstructorVariadic" time="0"/>
  <testcase classname="net.mooctest.MonteCarloforTest" name="testNodeAccessors" time="0"/>
  <testcase classname="net.mooctest.MonteCarloforTest" name="testChangedSpawnTrigger" time="0.006"/>
  <testcase classname="net.mooctest.MonteCarloforTest" name="testSmoothnessWithEmptyBoard" time="0"/>
  <testcase classname="net.mooctest.MonteCarloforTest" name="testMonotonicityMeasure" time="0.004"/>
  <testcase classname="net.mooctest.MonteCarloforTest" name="testPlayExecutesUntilNoMoves" time="0.003"/>
  <testcase classname="net.mooctest.MonteCarloforTest" name="testCycleLongerThanMoves" time="0.029"/>
  <testcase classname="net.mooctest.MonteCarloforTest" name="testCanDirection" time="0.002"/>
  <testcase classname="net.mooctest.MonteCarloforTest" name="testSmoothnessIdVsPowDifference" time="0"/>
  <testcase classname="net.mooctest.MonteCarloforTest" name="testMultiplePlayConsistency" time="0.002"/>
  <testcase classname="net.mooctest.MonteCarloforTest" name="testZeroMeasure" time="0.002"/>
  <testcase classname="net.mooctest.MonteCarloforTest" name="testChoiceNodeSelectAndExpand" time="0.001"/>
  <testcase classname="net.mooctest.MonteCarloforTest" name="testPickRandomly1" time="0"/>
  <testcase classname="net.mooctest.MonteCarloforTest" name="testCanDirectionAndIsStuck" time="0"/>
  <testcase classname="net.mooctest.MonteCarloforTest" name="testChoiceLeafExpand" time="0"/>
  <testcase classname="net.mooctest.MonteCarloforTest" name="testNodeValueAndVisitsTracking" time="0"/>
  <testcase classname="net.mooctest.MonteCarloforTest" name="testBoardInitialization" time="0"/>
  <testcase classname="net.mooctest.MonteCarloforTest" name="testChoiceLeafExpandCreatesChoiceNodeOrExitNode" time="0"/>
  <testcase classname="net.mooctest.MonteCarloforTest" name="testSmoothStrategy" time="0"/>
  <testcase classname="net.mooctest.MonteCarloforTest" name="testSpawnNodeSelectAndExpand" time="0"/>
  <testcase classname="net.mooctest.MonteCarloforTest" name="testEnsambleMeasureZeroWeights" time="0.004"/>
  <testcase classname="net.mooctest.MonteCarloforTest" name="testMultiCycle" time="0.004"/>
  <testcase classname="net.mooctest.MonteCarloforTest" name="testExitNodeExpandAndSelect" time="0"/>
  <testcase classname="net.mooctest.MonteCarloforTest" name="testPlayWithPowKernel" time="0.002"/>
  <testcase classname="net.mooctest.MonteCarloforTest" name="testExitNodeSelectThrows" time="0.001"/>
  <testcase classname="net.mooctest.MonteCarloforTest" name="testNegativeMeasure" time="0.005"/>
  <testcase classname="net.mooctest.MonteCarloforTest" name="testReverse" time="0"/>
  <testcase classname="net.mooctest.MonteCarloforTest" name="testLargeCyclePerformance" time="0.004"/>
  <testcase classname="net.mooctest.MonteCarloforTest" name="testSumMeasure" time="0"/>
  <testcase classname="net.mooctest.MonteCarloforTest" name="testPickRandomly" time="0"/>
  <testcase classname="net.mooctest.MonteCarloforTest" name="testMoveRowRight" time="0"/>
  <testcase classname="net.mooctest.MonteCarloforTest" name="testKernelWithInvalidType" time="0"/>
  <testcase classname="net.mooctest.MonteCarloforTest" name="testUCTStrategyVerboseMode" time="0.011"/>
  <testcase classname="net.mooctest.MonteCarloforTest" name="testPickMoveReturnsNewBoard" time="0"/>
  <testcase classname="net.mooctest.MonteCarloforTest" name="testSmoothMeasure" time="0"/>
  <testcase classname="net.mooctest.MonteCarloforTest" name="testIsFull" time="0.004"/>
  <testcase classname="net.mooctest.MonteCarloforTest" name="testPickMoveWhenNoChange" time="0"/>
  <testcase classname="net.mooctest.MonteCarloforTest" name="testUCTStrategyBasicPlay" time="0"/>
  <testcase classname="net.mooctest.MonteCarloforTest" name="testRandomStrategyPickMove" time="0"/>
  <testcase classname="net.mooctest.MonteCarloforTest" name="testNoMove" time="0"/>
  <testcase classname="net.mooctest.MonteCarloforTest" name="testIsStuck" time="0"/>
  <testcase classname="net.mooctest.MonteCarloforTest" name="testSmoothnessCalculation" time="0"/>
  <testcase classname="net.mooctest.MonteCarloforTest" name="testSingleCycle" time="0.005"/>
  <testcase classname="net.mooctest.MonteCarloforTest" name="testKernelWithPow" time="0"/>
  <testcase classname="net.mooctest.MonteCarloforTest" name="testMoveSwitch" time="0"/>
</testsuite>